<?xml version="1.0" encoding="UTF-8"?>
<!-- Generated by org.testng.reporters.JUnitReportReporter -->
<testsuite hostname="DESKTOP-8L8H5SU" failures="0" tests="1" name="part_1.TC_002_Post_request" time="5.502" errors="0" timestamp="2022-04-22T13:29:55 IST" skipped="0">
  <testcase classname="part_1.TC_002_Post_request" name="postNewUser" time="5.502"/>
  <system-out/>
</testsuite> <!-- part_1.TC_002_Post_request -->
