<?xml version="1.0" encoding="UTF-8"?>
<!-- Generated by org.testng.reporters.JUnitReportReporter -->
<testsuite hostname="DESKTOP-8L8H5SU" failures="0" tests="1" name="part_1.TC_003_Get_ValidateHeaders" time="4.084" errors="0" timestamp="2022-04-22T14:00:14 IST" skipped="0">
  <testcase classname="part_1.TC_003_Get_ValidateHeaders" name="getUserDetails" time="4.084"/>
  <system-out/>
</testsuite> <!-- part_1.TC_003_Get_ValidateHeaders -->
