<?xml version="1.0" encoding="UTF-8"?>
<!-- Generated by org.testng.reporters.JUnitReportReporter -->
<testsuite hostname="DESKTOP-8L8H5SU" failures="0" tests="1" name="part_1.TC_001_Get_Request" time="3.491" errors="0" timestamp="2022-04-22T12:58:35 IST" skipped="0">
  <testcase classname="part_1.TC_001_Get_Request" name="getWeatherDetails" time="3.491"/>
  <system-out/>
</testsuite> <!-- part_1.TC_001_Get_Request -->
